<?xml version="1.0" encoding="UTF-8"?>
<testsuite xmlns:xsi="http://www.w3.org/2001/XMLSchema-instance" xsi:noNamespaceSchemaLocation="https://maven.apache.org/surefire/maven-surefire-plugin/xsd/surefire-test-report.xsd" name="me.com.github.bournecui.easyretry.EasyRetryTest" time="4.627" tests="18" errors="0" skipped="0" failures="0">
  <properties>
[...]
</properties>
  <testcase name="testExceptionParentInclude" classname="me.com.github.bournecui.easyretry.EasyRetryTest" time="0.168"/>
  <testcase name="testExceptionNoneIncludeAndExclude" classname="me.com.github.bournecui.easyretry.EasyRetryTest" time="0.005"/>
  <testcase name="testExceptionParentExclude" classname="me.com.github.bournecui.easyretry.EasyRetryTest" time="0.015"/>
  <testcase name="testEastRunnabel" classname="me.com.github.bournecui.easyretry.EasyRetryTest" time="0"/>
  <testcase name="testExceptionParentIncludeGranpaExClude" classname="me.com.github.bournecui.easyretry.EasyRetryTest" time="0.003"/>
  <testcase name="testExceptionExclude2" classname="me.com.github.bournecui.easyretry.EasyRetryTest" time="0.002"/>
  <testcase name="testMaxAttempt" classname="me.com.github.bournecui.easyretry.EasyRetryTest" time="0.015"/>
  <testcase name="testExceptionParentExcludeGranpaInClude" classname="me.com.github.bournecui.easyretry.EasyRetryTest" time="0.004"/>
  <testcase name="testExceptionInclude" classname="me.com.github.bournecui.easyretry.EasyRetryTest" time="0.022"/>
  <testcase name="testBackoffAndTimeOut" classname="me.com.github.bournecui.easyretry.EasyRetryTest" time="4.006"/>
  <testcase name="testNotIncludeNorExclude" classname="me.com.github.bournecui.easyretry.EasyRetryTest" time="0.005"/>
  <testcase name="testExceptionParentExcludeSelfInClude" classname="me.com.github.bournecui.easyretry.EasyRetryTest" time="0.124"/>
  <testcase name="testExceptionExclude" classname="me.com.github.bournecui.easyretry.EasyRetryTest" time="0.154"/>
  <testcase name="testResultPredicate" classname="me.com.github.bournecui.easyretry.EasyRetryTest" time="0.004"/>
  <testcase name="testBothIncludeAndExclude" classname="me.com.github.bournecui.easyretry.EasyRetryTest" time="0"/>
  <testcase name="testExceptionInclude2" classname="me.com.github.bournecui.easyretry.EasyRetryTest" time="0.001"/>
  <testcase name="testEasyCallable" classname="me.com.github.bournecui.easyretry.EasyRetryTest" time="0"/>
  <testcase name="testExceptionParentIncludeSelfExclude" classname="me.com.github.bournecui.easyretry.EasyRetryTest" time="0.006"/>
</testsuite>